<?xml version="1.0" encoding="UTF-8"?>
<!-- Generated by org.testng.reporters.JUnitReportReporter -->
<testsuite hostname="Ranjith-290B2G2" failures="0" tests="1" name="com.testcases.LogInTestCases" time="10.559" errors="0" timestamp="2023-09-21T17:41:13 IST" skipped="0">
  <testcase classname="com.testcases.LogInTestCases" name="pageLandingOnHomepageAndUrlVerificationTC01" time="10.559"/>
  <system-out/>
</testsuite> <!-- com.testcases.LogInTestCases -->
