<?xml version="1.0" encoding="UTF-8"?>
<!-- Generated by org.testng.reporters.JUnitReportReporter -->
<testsuite hostname="Ranjith-290B2G2" failures="0" tests="5" name="com.testcases.LogInTestCases" time="84.880" errors="0" timestamp="2023-09-19T14:03:03 IST" skipped="0">
  <testcase classname="com.testcases.LogInTestCases" name="pageLandingOnHomepageAndUrlVerificationTC01" time="6.169"/>
  <system-out/>
  <testcase classname="com.testcases.LogInTestCases" name="verifyingLogInPageElementsTC02" time="6.853"/>
  <system-out/>
  <testcase classname="com.testcases.LogInTestCases" name="verifyingLoginPageErrorMsgTC03" time="15.753"/>
  <system-out/>
  <testcase classname="com.testcases.LogInTestCases" name="verifyingLoginwithvalidcredentialsTC04" time="28.250"/>
  <system-out/>
  <testcase classname="com.testcases.LogInTestCases" name="verifyingInvalidCredentialerrormsgTC05" time="27.855"/>
  <system-out/>
</testsuite> <!-- com.testcases.LogInTestCases -->
