<?xml version="1.0" encoding="UTF-8"?>
<!-- Generated by org.testng.reporters.JUnitReportReporter -->
<testsuite hostname="Ranjith-290B2G2" failures="0" tests="1" name="com.testcases.VoucherListTestCases" time="222.139" errors="0" timestamp="2023-09-22T16:41:11 IST" skipped="0">
  <testcase classname="com.testcases.VoucherListTestCases" name="downloadVoucherVerificationTC24" time="222.139"/>
  <system-out/>
</testsuite> <!-- com.testcases.VoucherListTestCases -->
