<?xml version="1.0" encoding="UTF-8"?>
<!-- Generated by org.testng.reporters.JUnitReportReporter -->
<testsuite hostname="Ranjith-290B2G2" failures="0" tests="5" name="com.testcases.LogInTestCases" time="96.517" errors="0" timestamp="2023-09-27T13:59:56 IST" skipped="0">
  <testcase classname="com.testcases.LogInTestCases" name="verifyingLoginwithvalidcredentialsTC04" time="29.230"/>
  <system-out/>
  <testcase classname="com.testcases.LogInTestCases" name="pageLandingOnHomepageAndUrlVerificationTC01" time="6.058"/>
  <system-out/>
  <testcase classname="com.testcases.LogInTestCases" name="verifyingLoginPageErrorMsgTC03" time="3.359"/>
  <system-out/>
  <testcase classname="com.testcases.LogInTestCases" name="verifyingLogInPageElementsTC02" time="51.236"/>
  <system-out/>
  <testcase classname="com.testcases.LogInTestCases" name="verifyingInvalidCredentialerrormsgTC05" time="6.634"/>
  <system-out/>
</testsuite> <!-- com.testcases.LogInTestCases -->
