<?xml version="1.0" encoding="UTF-8"?>
<!-- Generated by org.testng.reporters.JUnitReportReporter -->
<testsuite hostname="Ranjith-290B2G2" failures="0" tests="1" name="com.testcases.TC015" time="43.773" errors="0" timestamp="2023-09-05T14:37:15 IST" skipped="0">
  <testcase classname="com.testcases.TC015" name="cancellingVoucher" time="43.773"/>
  <system-out/>
</testsuite> <!-- com.testcases.TC015 -->
