<?xml version="1.0" encoding="UTF-8"?>
<!-- Generated by org.testng.reporters.JUnitReportReporter -->
<testsuite hostname="Ranjith-290B2G2" failures="0" tests="5" name="xpheno.XphenoSearch" time="186.433" errors="0" timestamp="2024-02-20T12:20:52 IST" skipped="0">
  <testcase classname="xpheno.XphenoSearch" name="xphenoSearch" time="39.951"/>
  <system-out/>
  <testcase classname="xpheno.XphenoSearch" name="xphenoSearch" time="33.704"/>
  <system-out/>
  <testcase classname="xpheno.XphenoSearch" name="xphenoSearch" time="40.218"/>
  <system-out/>
  <testcase classname="xpheno.XphenoSearch" name="xphenoSearch" time="36.505"/>
  <system-out/>
  <testcase classname="xpheno.XphenoSearch" name="xphenoSearch" time="36.055"/>
  <system-out/>
</testsuite> <!-- xpheno.XphenoSearch -->
