<?xml version="1.0" encoding="UTF-8"?>
<!-- Generated by org.testng.reporters.JUnitReportReporter -->
<testsuite hostname="Ranjith-290B2G2" failures="0" tests="1" name="com.testcases.TC009" time="34.202" errors="0" timestamp="2023-09-05T14:27:52 IST" skipped="0">
  <testcase classname="com.testcases.TC009" name="verifyingProfileDetails" time="34.202"/>
  <system-out/>
</testsuite> <!-- com.testcases.TC009 -->
