<?xml version="1.0" encoding="UTF-8"?>
<!-- Generated by org.testng.reporters.JUnitReportReporter -->
<testsuite hostname="Ranjith-290B2G2" failures="0" tests="1" name="com.testcases.Facebook" time="21.002" errors="0" timestamp="2023-08-25T13:13:04 IST" skipped="0">
  <testcase classname="com.testcases.Facebook" name="facebooklogin" time="21.002"/>
  <system-out/>
</testsuite> <!-- com.testcases.Facebook -->
