<?xml version="1.0" encoding="UTF-8"?>
<!-- Generated by org.testng.reporters.JUnitReportReporter -->
<testsuite hostname="Ranjith-290B2G2" failures="0" tests="2" name="com.testcases.RedeemingAndDecliningTestCases" time="287.746" errors="0" timestamp="2023-10-11T14:05:10 IST" skipped="0">
  <testcase classname="com.testcases.RedeemingAndDecliningTestCases" name="redeemingVoucherTC16" time="145.096"/>
  <system-out/>
  <testcase classname="com.testcases.RedeemingAndDecliningTestCases" name="decliningVoucherTC17" time="142.650"/>
  <system-out/>
</testsuite> <!-- com.testcases.RedeemingAndDecliningTestCases -->
