<?xml version="1.0" encoding="UTF-8"?>
<!-- Generated by org.testng.reporters.JUnitReportReporter -->
<testsuite hostname="Ranjith-290B2G2" failures="0" tests="5" name="com.testcases.LogInTestCases" time="70.857" errors="0" timestamp="2024-01-25T17:18:23 IST" skipped="0">
  <testcase classname="com.testcases.LogInTestCases" name="verifyingLoginwithvalidcredentialsTC04" time="21.451"/>
  <system-out/>
  <testcase classname="com.testcases.LogInTestCases" name="verifyingLogInPageElementsTC02" time="3.337"/>
  <system-out/>
  <testcase classname="com.testcases.LogInTestCases" name="pageLandingOnHomepageAndUrlVerificationTC01" time="10.630"/>
  <system-out/>
  <testcase classname="com.testcases.LogInTestCases" name="verifyingLoginPageErrorMsgTC03" time="30.560"/>
  <system-out/>
  <testcase classname="com.testcases.LogInTestCases" name="verifyingInvalidCredentialerrormsgTC05" time="4.879"/>
  <system-out/>
</testsuite> <!-- com.testcases.LogInTestCases -->
