<?xml version="1.0" encoding="UTF-8"?>
<!-- Generated by org.testng.reporters.JUnitReportReporter -->
<testsuite hostname="Ranjith-290B2G2" failures="0" tests="1" name="com.testcases.DemoClass" time="77.994" errors="0" timestamp="2023-09-25T18:22:05 IST" skipped="0">
  <testcase classname="com.testcases.DemoClass" name="fetch" time="77.994"/>
  <system-out/>
</testsuite> <!-- com.testcases.DemoClass -->
