<?xml version="1.0" encoding="UTF-8"?>
<!-- Generated by org.testng.reporters.JUnitReportReporter -->
<testsuite hostname="Ranjith-290B2G2" failures="0" tests="4" name="com.testcases.ProfilePageTestCases" time="124.126" errors="0" timestamp="2023-09-15T13:51:16 IST" skipped="0">
  <testcase classname="com.testcases.ProfilePageTestCases" name="verifyingProfileDetailsTC09" time="31.936"/>
  <system-out/>
  <testcase classname="com.testcases.ProfilePageTestCases" name="verifyinguserabletoeditprofiledetailsTC10" time="25.533"/>
  <system-out/>
  <testcase classname="com.testcases.ProfilePageTestCases" name="verifyingProfilePictureUploadTC11" time="36.374"/>
  <system-out/>
  <testcase classname="com.testcases.ProfilePageTestCases" name="verifyingLogoutFlowTC12" time="30.283"/>
  <system-out/>
</testsuite> <!-- com.testcases.ProfilePageTestCases -->
