<?xml version="1.0" encoding="UTF-8"?>
<!-- Generated by org.testng.reporters.JUnitReportReporter -->
<testsuite hostname="Ranjith-290B2G2" failures="0" tests="4" name="com.testcases.ProfilePageTestCases" time="121.948" errors="0" timestamp="2023-09-19T14:03:03 IST" skipped="0">
  <testcase classname="com.testcases.ProfilePageTestCases" name="verifyingProfileDetailsTC09" time="24.279"/>
  <system-out/>
  <testcase classname="com.testcases.ProfilePageTestCases" name="verifyinguserabletoeditprofiledetailsTC10" time="24.707"/>
  <system-out/>
  <testcase classname="com.testcases.ProfilePageTestCases" name="verifyingProfilePictureUploadTC11" time="38.880"/>
  <system-out/>
  <testcase classname="com.testcases.ProfilePageTestCases" name="verifyingLogoutFlowTC12" time="34.082"/>
  <system-out/>
</testsuite> <!-- com.testcases.ProfilePageTestCases -->
