<?xml version="1.0" encoding="UTF-8"?>
<!-- Generated by org.testng.reporters.JUnitReportReporter -->
<testsuite hostname="Ranjith-290B2G2" failures="0" tests="2" name="com.testcases.ReactivateRequestFlowTestCases" time="429.617" errors="0" timestamp="2023-10-11T14:05:10 IST" skipped="0">
  <testcase classname="com.testcases.ReactivateRequestFlowTestCases" name="verifyingReactivateApprovalFlowTC18" time="131.734"/>
  <system-out/>
  <testcase classname="com.testcases.ReactivateRequestFlowTestCases" name="verifyingReactivateRejectFlowTC19" time="297.883"/>
  <system-out/>
</testsuite> <!-- com.testcases.ReactivateRequestFlowTestCases -->
