<?xml version="1.0" encoding="UTF-8"?>
<!-- Generated by org.testng.reporters.JUnitReportReporter -->
<testsuite hostname="Ranjith-290B2G2" failures="0" tests="1" name="com.testcases.Sample" time="7.695" errors="0" timestamp="2023-09-19T13:30:23 IST" skipped="0">
  <testcase classname="com.testcases.Sample" name="capture" time="7.695"/>
  <system-out/>
</testsuite> <!-- com.testcases.Sample -->
