<?xml version="1.0" encoding="UTF-8"?>
<!-- Generated by org.testng.reporters.JUnitReportReporter -->
<testsuite hostname="Ranjith-290B2G2" failures="0" tests="1" name="testcases.TC004" time="7.952" errors="0" timestamp="2023-08-21T16:41:21 IST" skipped="0">
  <testcase classname="testcases.TC004" name="Loginwithvalidcredentials" time="7.952"/>
  <system-out/>
</testsuite> <!-- testcases.TC004 -->
