<?xml version="1.0" encoding="UTF-8"?>
<!-- Generated by org.testng.reporters.JUnitReportReporter -->
<testsuite hostname="Ranjith-290B2G2" failures="0" tests="1" name="com.testcases.DemoClass" time="70.392" errors="0" timestamp="2023-09-14T13:12:53 IST" skipped="0">
  <testcase classname="com.testcases.DemoClass" name="dynamicDatePicker" time="70.392"/>
  <system-out/>
</testsuite> <!-- com.testcases.DemoClass -->
