<?xml version="1.0" encoding="UTF-8"?>
<!-- Generated by org.testng.reporters.JUnitReportReporter -->
<testsuite hostname="Ranjith-290B2G2" failures="0" tests="4" name="com.testcases.VoucherListTestCases" time="153.504" errors="0" timestamp="2023-09-20T11:08:55 IST" skipped="2">
  <testcase classname="com.testcases.VoucherListTestCases" name="capture" time="4.510"/>
  <system-out/>
  <testcase classname="com.testcases.VoucherListTestCases" name="downloadVoucherVerificationTC24" time="148.994"/>
  <system-out/>
  <testcase classname="com.testcases.VoucherListTestCases" name="voucherSearchInVoucherlistTC23">
    <skipped/>
  </testcase> <!-- voucherSearchInVoucherlistTC23 -->
  <system-out/>
  <testcase classname="com.testcases.VoucherListTestCases" name="allPageNavigationAndVerifyingEntriesTC22">
    <skipped/>
  </testcase> <!-- allPageNavigationAndVerifyingEntriesTC22 -->
  <system-out/>
</testsuite> <!-- com.testcases.VoucherListTestCases -->
