<?xml version="1.0" encoding="UTF-8"?>
<!-- Generated by org.testng.reporters.JUnitReportReporter -->
<testsuite hostname="Ranjith-290B2G2" failures="0" tests="2" name="com.testcases.RedeemingAndDecliningTestCases" time="388.822" errors="0" timestamp="2023-09-21T13:59:20 IST" skipped="0">
  <testcase classname="com.testcases.RedeemingAndDecliningTestCases" name="redeemingVoucherTC16" time="188.298"/>
  <system-out/>
  <testcase classname="com.testcases.RedeemingAndDecliningTestCases" name="decliningVoucherTC17" time="200.524"/>
  <system-out/>
</testsuite> <!-- com.testcases.RedeemingAndDecliningTestCases -->
