<?xml version="1.0" encoding="UTF-8"?>
<!-- Generated by org.testng.reporters.JUnitReportReporter -->
<testsuite hostname="Ranjith-290B2G2" failures="0" tests="1" name="testcases.TC005" time="3.255" errors="0" timestamp="2023-08-21T16:41:21 IST" skipped="0">
  <testcase classname="testcases.TC005" name="ivalidCredentialerrormsg" time="3.255"/>
  <system-out/>
</testsuite> <!-- testcases.TC005 -->
