<?xml version="1.0" encoding="UTF-8"?>
<!-- Generated by org.testng.reporters.JUnitReportReporter -->
<testsuite hostname="Ranjith-290B2G2" failures="0" tests="4" name="com.testcases.ProfilePageTestCases" time="132.641" errors="0" timestamp="2023-09-22T14:00:09 IST" skipped="0">
  <testcase classname="com.testcases.ProfilePageTestCases" name="verifyingProfileDetailsTC09" time="28.583"/>
  <system-out/>
  <testcase classname="com.testcases.ProfilePageTestCases" name="verifyinguserabletoeditprofiledetailsTC10" time="28.891"/>
  <system-out/>
  <testcase classname="com.testcases.ProfilePageTestCases" name="verifyingProfilePictureUploadTC11" time="39.902"/>
  <system-out/>
  <testcase classname="com.testcases.ProfilePageTestCases" name="verifyingLogoutFlowTC12" time="35.265"/>
  <system-out/>
</testsuite> <!-- com.testcases.ProfilePageTestCases -->
