<?xml version="1.0" encoding="UTF-8"?>
<!-- Generated by org.testng.reporters.JUnitReportReporter -->
<testsuite hostname="Ranjith-290B2G2" failures="0" tests="4" name="com.testcases.VoucherListTestCases" time="516.748" errors="0" timestamp="2023-09-21T13:59:20 IST" skipped="0">
  <testcase classname="com.testcases.VoucherListTestCases" name="allPageNavigationAndVerifyingEntriesTC22" time="119.545"/>
  <system-out/>
  <testcase classname="com.testcases.VoucherListTestCases" name="voucherSearchInVoucherlistTC23" time="214.691"/>
  <system-out/>
  <testcase classname="com.testcases.VoucherListTestCases" name="downloadVoucherVerificationTC24" time="178.024"/>
  <system-out/>
  <testcase classname="com.testcases.VoucherListTestCases" name="logoDiffeVerificationTC25" time="4.488"/>
  <system-out/>
</testsuite> <!-- com.testcases.VoucherListTestCases -->
