<?xml version="1.0" encoding="UTF-8"?>
<!-- Generated by org.testng.reporters.JUnitReportReporter -->
<testsuite hostname="Ranjith-290B2G2" failures="0" tests="1" name="com.testcases.Facelogin" time="15.250" errors="0" timestamp="2023-08-25T15:42:11 IST" skipped="0">
  <testcase classname="com.testcases.Facelogin" name="login" time="15.250"/>
  <system-out/>
</testsuite> <!-- com.testcases.Facelogin -->
