<?xml version="1.0" encoding="UTF-8"?>
<!-- Generated by org.testng.reporters.JUnitReportReporter -->
<testsuite hostname="Ranjith-290B2G2" failures="0" tests="3" name="com.testcases.VoucherCreationAndCancelTestCases" time="256.963" errors="0" timestamp="2023-09-15T13:51:16 IST" skipped="0">
  <testcase classname="com.testcases.VoucherCreationAndCancelTestCases" name="voucherCreationAsCSSTC13" time="118.176"/>
  <system-out/>
  <testcase classname="com.testcases.VoucherCreationAndCancelTestCases" name="voucherCreationAsGuestTC14" time="109.586"/>
  <system-out/>
  <testcase classname="com.testcases.VoucherCreationAndCancelTestCases" name="cancellingVoucherTC15" time="29.201"/>
  <system-out/>
</testsuite> <!-- com.testcases.VoucherCreationAndCancelTestCases -->
