<?xml version="1.0" encoding="UTF-8"?>
<!-- Generated by org.testng.reporters.JUnitReportReporter -->
<testsuite hostname="Ranjith-290B2G2" failures="0" tests="2" name="com.testcases.RefundRequestFlowTestCases" time="478.826" errors="0" timestamp="2023-10-11T14:05:10 IST" skipped="0">
  <testcase classname="com.testcases.RefundRequestFlowTestCases" name="refundRejectTC21" time="210.738"/>
  <system-out/>
  <testcase classname="com.testcases.RefundRequestFlowTestCases" name="refundApproveTC20" time="268.088"/>
  <system-out/>
</testsuite> <!-- com.testcases.RefundRequestFlowTestCases -->
