<?xml version="1.0" encoding="UTF-8"?>
<!-- Generated by org.testng.reporters.JUnitReportReporter -->
<testsuite hostname="Ranjith-290B2G2" failures="0" tests="1" name="com.testcases.Sample" time="46.923" errors="0" timestamp="2023-09-22T13:00:29 IST" skipped="0">
  <testcase classname="com.testcases.Sample" name="voucherCreationPageErrormsgValidation" time="46.923"/>
  <system-out/>
</testsuite> <!-- com.testcases.Sample -->
