<?xml version="1.0" encoding="UTF-8"?>
<!-- Generated by org.testng.reporters.JUnitReportReporter -->
<testsuite hostname="Ranjith-290B2G2" failures="0" tests="1" name="com.testcases.TC017" time="124.291" errors="0" timestamp="2023-09-06T11:27:04 IST" skipped="0">
  <testcase classname="com.testcases.TC017" name="decliningVoucher" time="124.291"/>
  <system-out/>
</testsuite> <!-- com.testcases.TC017 -->
