<?xml version="1.0" encoding="UTF-8"?>
<!-- Generated by org.testng.reporters.JUnitReportReporter -->
<testsuite hostname="Ranjith-290B2G2" failures="0" tests="4" name="com.testcases.ProfilePageTestCases" time="133.148" errors="0" timestamp="2023-10-11T14:05:10 IST" skipped="0">
  <testcase classname="com.testcases.ProfilePageTestCases" name="verifyingProfilePictureUploadTC11" time="36.502"/>
  <system-out/>
  <testcase classname="com.testcases.ProfilePageTestCases" name="verifyingProfileDetailsTC09" time="26.937"/>
  <system-out/>
  <testcase classname="com.testcases.ProfilePageTestCases" name="verifyingLogoutFlowTC12" time="46.539"/>
  <system-out/>
  <testcase classname="com.testcases.ProfilePageTestCases" name="verifyinguserabletoeditprofiledetailsTC10" time="23.170"/>
  <system-out/>
</testsuite> <!-- com.testcases.ProfilePageTestCases -->
