<?xml version="1.0" encoding="UTF-8"?>
<!-- Generated by org.testng.reporters.JUnitReportReporter -->
<testsuite hostname="Ranjith-290B2G2" failures="0" tests="6" name="com.testcases.VoucherListTestCases" time="495.211" errors="0" timestamp="2023-10-11T14:05:10 IST" skipped="0">
  <testcase classname="com.testcases.VoucherListTestCases" name="verifyingExportingCsvTC28" time="80.426"/>
  <system-out/>
  <testcase classname="com.testcases.VoucherListTestCases" name="verifyingErrorMsgOfVoucherCreationTC27" time="28.722"/>
  <system-out/>
  <testcase classname="com.testcases.VoucherListTestCases" name="voucherSearchInVoucherlistTC23" time="122.450"/>
  <system-out/>
  <testcase classname="com.testcases.VoucherListTestCases" name="allPageNavigationAndVerifyingEntriesTC22" time="132.680"/>
  <system-out/>
  <testcase classname="com.testcases.VoucherListTestCases" name="downloadVoucherVerificationTC24" time="113.040"/>
  <system-out/>
  <testcase classname="com.testcases.VoucherListTestCases" name="logoDiffeVerificationTC25" time="17.893"/>
  <system-out/>
</testsuite> <!-- com.testcases.VoucherListTestCases -->
