<?xml version="1.0" encoding="UTF-8"?>
<!-- Generated by org.testng.reporters.JUnitReportReporter -->
<testsuite hostname="Ranjith-290B2G2" failures="0" tests="3" name="com.testcases.VoucherCreationAndCancelTestCases" time="201.580" errors="0" timestamp="2023-10-11T14:05:10 IST" skipped="0">
  <testcase classname="com.testcases.VoucherCreationAndCancelTestCases" name="cancellingVoucherTC15" time="44.890"/>
  <system-out/>
  <testcase classname="com.testcases.VoucherCreationAndCancelTestCases" name="voucherCreationAsCSSTC13" time="84.958"/>
  <system-out/>
  <testcase classname="com.testcases.VoucherCreationAndCancelTestCases" name="voucherCreationAsGuestTC14" time="71.732"/>
  <system-out/>
</testsuite> <!-- com.testcases.VoucherCreationAndCancelTestCases -->
