<?xml version="1.0" encoding="UTF-8"?>
<!-- Generated by org.testng.reporters.JUnitReportReporter -->
<testsuite hostname="Ranjith-290B2G2" failures="0" tests="3" name="com.testcases.ForgotPasswordTestCases" time="160.009" errors="0" timestamp="2023-09-21T13:59:20 IST" skipped="0">
  <testcase classname="com.testcases.ForgotPasswordTestCases" name="verifyingForgetPwdPageNavigationTC06" time="23.275"/>
  <system-out/>
  <testcase classname="com.testcases.ForgotPasswordTestCases" name="verifyingErrorMsgOfResetPasswordPageTC07" time="67.922"/>
  <system-out/>
  <testcase classname="com.testcases.ForgotPasswordTestCases" name="verifyingResetPasswordflowTC08" time="68.812"/>
  <system-out/>
</testsuite> <!-- com.testcases.ForgotPasswordTestCases -->
