<?xml version="1.0" encoding="UTF-8"?>
<!-- Generated by org.testng.reporters.JUnitReportReporter -->
<testsuite hostname="Ranjith-290B2G2" failures="0" tests="1" name="com.testcases.Sample" time="98.003" errors="0" timestamp="2023-09-25T12:40:54 IST" skipped="0">
  <testcase classname="com.testcases.Sample" name="fine" time="98.003"/>
  <system-out/>
</testsuite> <!-- com.testcases.Sample -->
