<?xml version="1.0" encoding="UTF-8"?>
<!-- Generated by org.testng.reporters.JUnitReportReporter -->
<testsuite hostname="Ranjith-290B2G2" failures="0" tests="1" name="testreport.NewTest" time="0.007" errors="0" timestamp="2023-08-22T10:40:13 IST" skipped="0">
  <testcase classname="testreport.NewTest" name="f" time="0.007"/>
  <system-out/>
</testsuite> <!-- testreport.NewTest -->
