<?xml version="1.0" encoding="UTF-8"?>
<!-- Generated by org.testng.reporters.JUnitReportReporter -->
<testsuite hostname="Ranjith-290B2G2" failures="0" tests="1" name="com.testcases.LogInTestCases" time="11.791" errors="0" timestamp="2023-09-21T15:44:35 IST" skipped="0">
  <testcase classname="com.testcases.LogInTestCases" name="pageLandingOnHomepageAndUrlVerificationTC01" time="11.791"/>
  <system-out/>
</testsuite> <!-- com.testcases.LogInTestCases -->
