<?xml version="1.0" encoding="UTF-8"?>
<!-- Generated by org.testng.reporters.JUnitReportReporter -->
<testsuite hostname="Ranjith-290B2G2" failures="0" tests="5" name="com.testcases.LogInTestCases" time="66.315" errors="0" timestamp="2023-09-22T14:00:09 IST" skipped="0">
  <testcase classname="com.testcases.LogInTestCases" name="pageLandingOnHomepageAndUrlVerificationTC01" time="9.929"/>
  <system-out/>
  <testcase classname="com.testcases.LogInTestCases" name="verifyingLogInPageElementsTC02" time="6.638"/>
  <system-out/>
  <testcase classname="com.testcases.LogInTestCases" name="verifyingLoginPageErrorMsgTC03" time="17.656"/>
  <system-out/>
  <testcase classname="com.testcases.LogInTestCases" name="verifyingLoginwithvalidcredentialsTC04" time="23.569"/>
  <system-out/>
  <testcase classname="com.testcases.LogInTestCases" name="verifyingInvalidCredentialerrormsgTC05" time="8.523"/>
  <system-out/>
</testsuite> <!-- com.testcases.LogInTestCases -->
