<?xml version="1.0" encoding="UTF-8"?>
<!-- Generated by org.testng.reporters.JUnitReportReporter -->
<testsuite hostname="Ranjith-290B2G2" failures="0" tests="3" name="com.testcases.ForgotPasswordTestCases" time="162.196" errors="0" timestamp="2023-09-22T14:00:09 IST" skipped="0">
  <testcase classname="com.testcases.ForgotPasswordTestCases" name="verifyingForgetPwdPageNavigationTC06" time="22.924"/>
  <system-out/>
  <testcase classname="com.testcases.ForgotPasswordTestCases" name="verifyingErrorMsgOfResetPasswordPageTC07" time="68.810"/>
  <system-out/>
  <testcase classname="com.testcases.ForgotPasswordTestCases" name="verifyingResetPasswordflowTC08" time="70.462"/>
  <system-out/>
</testsuite> <!-- com.testcases.ForgotPasswordTestCases -->
