<?xml version="1.0" encoding="UTF-8"?>
<!-- Generated by org.testng.reporters.JUnitReportReporter -->
<testsuite hostname="Ranjith-290B2G2" failures="0" tests="3" name="com.testcases.VoucherCreationAndCancelTestCases" time="354.381" errors="0" timestamp="2023-09-22T14:00:09 IST" skipped="0">
  <testcase classname="com.testcases.VoucherCreationAndCancelTestCases" name="voucherCreationAsCSSTC13" time="157.472"/>
  <system-out/>
  <testcase classname="com.testcases.VoucherCreationAndCancelTestCases" name="voucherCreationAsGuestTC14" time="149.468"/>
  <system-out/>
  <testcase classname="com.testcases.VoucherCreationAndCancelTestCases" name="cancellingVoucherTC15" time="47.441"/>
  <system-out/>
</testsuite> <!-- com.testcases.VoucherCreationAndCancelTestCases -->
