<?xml version="1.0" encoding="UTF-8"?>
<!-- Generated by org.testng.reporters.JUnitReportReporter -->
<testsuite hostname="Ranjith-290B2G2" failures="0" tests="2" name="com.testcases.RefundRequestFlowTestCases" time="516.574" errors="0" timestamp="2023-09-27T13:59:56 IST" skipped="0">
  <testcase classname="com.testcases.RefundRequestFlowTestCases" name="refundRejectTC21" time="227.410"/>
  <system-out/>
  <testcase classname="com.testcases.RefundRequestFlowTestCases" name="refundApproveTC20" time="289.164"/>
  <system-out/>
</testsuite> <!-- com.testcases.RefundRequestFlowTestCases -->
