<?xml version="1.0" encoding="UTF-8"?>
<!-- Generated by org.testng.reporters.JUnitReportReporter -->
<testsuite hostname="Ranjith-290B2G2" failures="0" tests="3" name="com.testcases.VoucherCreationAndCancelTestCases" time="306.523" errors="0" timestamp="2023-09-21T13:59:20 IST" skipped="0">
  <testcase classname="com.testcases.VoucherCreationAndCancelTestCases" name="voucherCreationAsCSSTC13" time="136.534"/>
  <system-out/>
  <testcase classname="com.testcases.VoucherCreationAndCancelTestCases" name="voucherCreationAsGuestTC14" time="127.867"/>
  <system-out/>
  <testcase classname="com.testcases.VoucherCreationAndCancelTestCases" name="cancellingVoucherTC15" time="42.122"/>
  <system-out/>
</testsuite> <!-- com.testcases.VoucherCreationAndCancelTestCases -->
