<?xml version="1.0" encoding="UTF-8"?>
<!-- Generated by org.testng.reporters.JUnitReportReporter -->
<testsuite hostname="Ranjith-290B2G2" failures="0" tests="1" name="com.testcases.TC012" time="36.634" errors="0" timestamp="2023-09-05T14:27:52 IST" skipped="0">
  <testcase classname="com.testcases.TC012" name="verifyingLogoutFlow" time="36.634"/>
  <system-out/>
</testsuite> <!-- com.testcases.TC012 -->
