<?xml version="1.0" encoding="UTF-8"?>
<!-- Generated by org.testng.reporters.JUnitReportReporter -->
<testsuite hostname="Ranjith-290B2G2" failures="0" tests="3" name="com.testcases.VoucherListTestCases" time="448.620" errors="0" timestamp="2023-09-18T13:48:31 IST" skipped="0">
  <testcase classname="com.testcases.VoucherListTestCases" name="allPageNavigationAndVerifyingEntriesTC22" time="115.097"/>
  <system-out/>
  <testcase classname="com.testcases.VoucherListTestCases" name="voucherSearchInVoucherlistTC23" time="194.358"/>
  <system-out/>
  <testcase classname="com.testcases.VoucherListTestCases" name="downloadVoucherVerificationTC24" time="139.165"/>
  <system-out/>
</testsuite> <!-- com.testcases.VoucherListTestCases -->
