<?xml version="1.0" encoding="UTF-8"?>
<!-- Generated by org.testng.reporters.JUnitReportReporter -->
<testsuite hostname="Ranjith-290B2G2" failures="0" tests="5" name="com.testcases.LogInTestCases" time="61.934" errors="0" timestamp="2023-09-18T13:48:31 IST" skipped="0">
  <testcase classname="com.testcases.LogInTestCases" name="pageLandingOnHomepageAndUrlVerificationTC01" time="6.491"/>
  <system-out/>
  <testcase classname="com.testcases.LogInTestCases" name="verifyingLogInPageElementsTC02" time="4.746"/>
  <system-out/>
  <testcase classname="com.testcases.LogInTestCases" name="verifyingLoginPageErrorMsgTC03" time="5.265"/>
  <system-out/>
  <testcase classname="com.testcases.LogInTestCases" name="verifyingLoginwithvalidcredentialsTC04" time="39.665"/>
  <system-out/>
  <testcase classname="com.testcases.LogInTestCases" name="verifyingInvalidCredentialerrormsgTC05" time="5.767"/>
  <system-out/>
</testsuite> <!-- com.testcases.LogInTestCases -->
