<?xml version="1.0" encoding="UTF-8"?>
<!-- Generated by org.testng.reporters.JUnitReportReporter -->
<testsuite hostname="Ranjith-290B2G2" failures="0" tests="1" name="com.testcases.Sample" time="3872.105" errors="0" timestamp="2023-09-21T12:21:01 IST" skipped="0">
  <testcase classname="com.testcases.Sample" name="filter" time="3872.105"/>
  <system-out/>
</testsuite> <!-- com.testcases.Sample -->
