<?xml version="1.0" encoding="UTF-8"?>
<!-- Generated by org.testng.reporters.JUnitReportReporter -->
<testsuite hostname="Ranjith-290B2G2" failures="0" tests="1" name="com.testcases.TC007" time="67.976" errors="0" timestamp="2023-09-05T16:57:33 IST" skipped="0">
  <testcase classname="com.testcases.TC007" name="verifyingErrorMsgOfResetPasswordPage" time="67.976"/>
  <system-out/>
</testsuite> <!-- com.testcases.TC007 -->
