<?xml version="1.0" encoding="UTF-8"?>
<!-- Generated by org.testng.reporters.JUnitReportReporter -->
<testsuite hostname="Ranjith-290B2G2" failures="0" tests="2" name="com.testcases.ReactivateRequestFlowTestCases" time="398.398" errors="0" timestamp="2023-09-15T15:06:41 IST" skipped="0">
  <testcase classname="com.testcases.ReactivateRequestFlowTestCases" name="verifyingReactivateApprovalFlowTC18" time="120.769"/>
  <system-out/>
  <testcase classname="com.testcases.ReactivateRequestFlowTestCases" name="verifyingReactivateRejectFlowTC19" time="277.629"/>
  <system-out/>
</testsuite> <!-- com.testcases.ReactivateRequestFlowTestCases -->
