<?xml version="1.0" encoding="UTF-8"?>
<!-- Generated by org.testng.reporters.JUnitReportReporter -->
<testsuite hostname="Ranjith-290B2G2" failures="0" tests="1" name="testcases.TC001" time="2.751" errors="0" timestamp="2023-08-21T16:41:21 IST" skipped="0">
  <testcase classname="testcases.TC001" name="pageLandingOnHomepageAndUrlVerification" time="2.751"/>
  <system-out/>
</testsuite> <!-- testcases.TC001 -->
