<?xml version="1.0" encoding="UTF-8"?>
<!-- Generated by org.testng.reporters.JUnitReportReporter -->
<testsuite hostname="Ranjith-290B2G2" failures="0" tests="1" name="com.testcases.TC001" time="10.384" errors="0" timestamp="2023-09-05T16:57:33 IST" skipped="0">
  <testcase classname="com.testcases.TC001" name="pageLandingOnHomepageAndUrlVerification" time="10.384"/>
  <system-out/>
</testsuite> <!-- com.testcases.TC001 -->
