<?xml version="1.0" encoding="UTF-8"?>
<!-- Generated by org.testng.reporters.JUnitReportReporter -->
<testsuite hostname="Ranjith-290B2G2" failures="0" tests="1" name="com.reports.ExtentReport" time="1.569" errors="0" timestamp="2023-08-23T15:11:56 IST" skipped="0">
  <testcase classname="com.reports.ExtentReport" name="init" time="1.569"/>
  <system-out/>
</testsuite> <!-- com.reports.ExtentReport -->
