<?xml version="1.0" encoding="UTF-8"?>
<!-- Generated by org.testng.reporters.JUnitReportReporter -->
<testsuite hostname="Ranjith-290B2G2" failures="0" tests="2" name="com.testcases.RefundRequestFlowTestCases" time="540.310" errors="0" timestamp="2023-09-15T15:06:41 IST" skipped="0">
  <testcase classname="com.testcases.RefundRequestFlowTestCases" name="refundApproveTC20" time="291.199"/>
  <system-out/>
  <testcase classname="com.testcases.RefundRequestFlowTestCases" name="refundRejectTC21" time="249.111"/>
  <system-out/>
</testsuite> <!-- com.testcases.RefundRequestFlowTestCases -->
