<?xml version="1.0" encoding="UTF-8"?>
<!-- Generated by org.testng.reporters.JUnitReportReporter -->
<testsuite hostname="Ranjith-290B2G2" failures="0" tests="1" name="com.testcases.TC010" time="34.922" errors="0" timestamp="2023-09-05T16:49:58 IST" skipped="0">
  <testcase classname="com.testcases.TC010" name="verifyinguserabletoeditprofiledetails" time="34.922"/>
  <system-out/>
</testsuite> <!-- com.testcases.TC010 -->
