<?xml version="1.0" encoding="UTF-8"?>
<!-- Generated by org.testng.reporters.JUnitReportReporter -->
<testsuite hostname="Ranjith-290B2G2" failures="0" tests="4" name="com.testcases.ProfilePageTestCases" time="125.952" errors="0" timestamp="2023-09-21T13:59:20 IST" skipped="0">
  <testcase classname="com.testcases.ProfilePageTestCases" name="verifyingProfileDetailsTC09" time="30.393"/>
  <system-out/>
  <testcase classname="com.testcases.ProfilePageTestCases" name="verifyinguserabletoeditprofiledetailsTC10" time="27.224"/>
  <system-out/>
  <testcase classname="com.testcases.ProfilePageTestCases" name="verifyingProfilePictureUploadTC11" time="37.090"/>
  <system-out/>
  <testcase classname="com.testcases.ProfilePageTestCases" name="verifyingLogoutFlowTC12" time="31.245"/>
  <system-out/>
</testsuite> <!-- com.testcases.ProfilePageTestCases -->
