<?xml version="1.0" encoding="UTF-8"?>
<!-- Generated by org.testng.reporters.JUnitReportReporter -->
<testsuite hostname="Ranjith-290B2G2" failures="0" tests="3" name="com.testcases.ForgotPasswordTestCases" time="159.391" errors="0" timestamp="2023-10-11T14:05:10 IST" skipped="0">
  <testcase classname="com.testcases.ForgotPasswordTestCases" name="verifyingErrorMsgOfResetPasswordPageTC07" time="66.526"/>
  <system-out/>
  <testcase classname="com.testcases.ForgotPasswordTestCases" name="verifyingResetPasswordflowTC08" time="68.169"/>
  <system-out/>
  <testcase classname="com.testcases.ForgotPasswordTestCases" name="verifyingForgetPwdPageNavigationTC06" time="24.696"/>
  <system-out/>
</testsuite> <!-- com.testcases.ForgotPasswordTestCases -->
